2024-11-01 09:52:26,876 - INFO - Using device: cpu
2024-11-01 09:55:40,757 - INFO - Train dataset size: 9252
2024-11-01 09:55:40,757 - INFO - Test dataset size: 2314
2024-11-01 09:55:40,777 - INFO - Starting training with dynamic sampling...
2024-11-01 09:55:41,062 - INFO - Starting Epoch 1
2024-11-01 09:56:09,551 - INFO - Epoch 1, Loss: 0.0479, LR: 0.000064
2024-11-01 09:56:22,283 - INFO - Val Average Loss: 0.0436
2024-11-01 09:56:22,287 - INFO - New best model saved with validation loss: 0.0436
2024-11-01 09:56:22,287 - INFO - Starting Epoch 2
2024-11-01 09:56:52,119 - INFO - Epoch 2, Loss: 0.0347, LR: 0.000132
2024-11-01 09:56:52,120 - INFO - Starting Epoch 3
2024-11-01 09:57:24,366 - INFO - Epoch 3, Loss: 0.0392, LR: 0.000238
2024-11-01 09:57:24,367 - INFO - Starting Epoch 4
2024-11-01 09:57:55,577 - INFO - Epoch 4, Loss: 0.0406, LR: 0.000372
2024-11-01 09:57:55,578 - INFO - Starting Epoch 5
2024-11-01 09:58:38,989 - INFO - Epoch 5, Loss: 0.0265, LR: 0.000520
2024-11-01 09:58:38,990 - INFO - Starting Epoch 6
2024-11-01 09:59:19,921 - INFO - Epoch 6, Loss: 0.0369, LR: 0.000669
2024-11-01 09:59:36,786 - INFO - Val Average Loss: 0.0279
2024-11-01 09:59:36,789 - INFO - New best model saved with validation loss: 0.0279
2024-11-01 09:59:36,789 - INFO - Starting Epoch 7
2024-11-01 10:00:17,095 - INFO - Epoch 7, Loss: 0.0282, LR: 0.000803
2024-11-01 10:00:17,096 - INFO - Starting Epoch 8
2024-11-01 10:00:58,409 - INFO - Epoch 8, Loss: 0.0273, LR: 0.000909
2024-11-01 10:00:58,410 - INFO - Starting Epoch 9
2024-11-01 10:01:43,428 - INFO - Epoch 9, Loss: 0.0248, LR: 0.000977
2024-11-01 10:01:43,429 - INFO - Starting Epoch 10
2024-11-01 10:02:26,868 - INFO - Epoch 10, Loss: 0.0290, LR: 0.001000
2024-11-01 10:02:26,869 - INFO - Starting Epoch 11
2024-11-01 10:03:07,741 - INFO - Epoch 11, Loss: 0.0259, LR: 0.000998
2024-11-01 10:03:24,182 - INFO - Val Average Loss: 0.0216
2024-11-01 10:03:24,185 - INFO - New best model saved with validation loss: 0.0216
2024-11-01 10:03:24,185 - INFO - Starting Epoch 12
2024-11-01 10:04:06,111 - INFO - Epoch 12, Loss: 0.0221, LR: 0.000994
2024-11-01 10:04:06,112 - INFO - Starting Epoch 13
